<?xml version="1.0" encoding="UTF-8"?>
<!-- Generated by org.testng.reporters.JUnitReportReporter -->
<testsuite hostname="DESKTOP-E8IIGOH" name="testCases.CreateUser" tests="1" failures="0" timestamp="9 Feb 2018 14:20:18 GMT" time="37.799" errors="0">
  <testcase name="createUser" time="37.799" classname="testCases.CreateUser"/>
</testsuite> <!-- testCases.CreateUser -->
